  gm_ui.cpp
C:\Users\vantan\Documents\GitHub\DefenseDream\program\game\gm_ui.h(35,43): warning C4244: '初期化中': 'float' から 'const int' への変換です。データが失われる可能性があります。
C:\Users\vantan\Documents\GitHub\DefenseDream\program\game\gm_ui.h(37,47): warning C4244: '初期化中': 'float' から 'const int' への変換です。データが失われる可能性があります。
C:\Users\vantan\Documents\GitHub\DefenseDream\program\game\gm_ui.h(38,49): warning C4244: '初期化中': 'float' から 'const int' への変換です。データが失われる可能性があります。
C:\Users\vantan\Documents\GitHub\DefenseDream\program\game\gm_ui.h(43,40): warning C4244: '初期化中': 'float' から 'const int' への変換です。データが失われる可能性があります。
C:\Users\vantan\Documents\GitHub\DefenseDream\program\game\gm_object.h(11,1): warning C4150: 'AnimSprite3D' 型を削除するため delete 演算子が呼び出されましたが、定義がありません。
C:\Users\vantan\Documents\GitHub\DefenseDream\program\game\gm_object.h(3): message : 'AnimSprite3D' の宣言を確認してください
C:\Users\vantan\Documents\GitHub\DefenseDream\program\game\gm_ui.cpp(42,15): warning C4244: '初期化中': 'double' から 'int' への変換です。データが失われる可能性があります。
C:\Users\vantan\Documents\GitHub\DefenseDream\program\game\gm_ui.cpp(43,15): warning C4244: '初期化中': 'double' から 'int' への変換です。データが失われる可能性があります。
C:\Users\vantan\Documents\GitHub\DefenseDream\program\game\gm_ui.cpp(44,15): warning C4244: '初期化中': 'double' から 'int' への変換です。データが失われる可能性があります。
C:\Users\vantan\Documents\GitHub\DefenseDream\program\game\gm_ui.cpp(45,15): warning C4244: '初期化中': 'double' から 'int' への変換です。データが失われる可能性があります。
  gm_scene_play.cpp
C:\Users\vantan\Documents\GitHub\DefenseDream\program\game\gm_ui.h(35,43): warning C4244: '初期化中': 'float' から 'const int' への変換です。データが失われる可能性があります。
C:\Users\vantan\Documents\GitHub\DefenseDream\program\game\gm_ui.h(37,47): warning C4244: '初期化中': 'float' から 'const int' への変換です。データが失われる可能性があります。
C:\Users\vantan\Documents\GitHub\DefenseDream\program\game\gm_ui.h(38,49): warning C4244: '初期化中': 'float' から 'const int' への変換です。データが失われる可能性があります。
C:\Users\vantan\Documents\GitHub\DefenseDream\program\game\gm_ui.h(43,40): warning C4244: '初期化中': 'float' から 'const int' への変換です。データが失われる可能性があります。
C:\Users\vantan\Documents\GitHub\DefenseDream\program\game\scene\gm_scene_play.cpp(38,11): warning C4244: '初期化中': 'double' から 'float' への変換です。データが失われる可能性があります。
C:\Users\vantan\Documents\GitHub\DefenseDream\program\game\scene\gm_scene_play.cpp(39,11): warning C4244: '初期化中': 'double' から 'float' への変換です。データが失われる可能性があります。
  gm_scene_title.cpp
  コードを生成中...
  dx_game.vcxproj -> C:\Users\vantan\Documents\GitHub\DefenseDream\Debug\dx_game.exe
